{
  "stats": {
    "suites": 1,
    "tests": 1,
    "passes": 1,
    "pending": 0,
    "failures": 0,
    "start": "2023-11-22T14:06:40.477Z",
    "end": "2023-11-22T14:06:43.623Z",
    "duration": 3146,
    "testsRegistered": 1,
    "passPercent": 100,
    "pendingPercent": 0,
    "other": 0,
    "hasOther": false,
    "skipped": 0,
    "hasSkipped": false
  },
  "results": [
    {
      "uuid": "bf9bb8da-6c20-4827-a53a-c9a157fa45f9",
      "title": "",
      "fullFile": "cypress\\e2e\\login-incorreto.cy.js",
      "file": "cypress\\e2e\\login-incorreto.cy.js",
      "beforeHooks": [],
      "afterHooks": [],
      "tests": [],
      "suites": [
        {
          "uuid": "12132a53-a038-45e4-8ff8-050fd3014243",
          "title": "Página de login",
          "fullFile": "",
          "file": "",
          "beforeHooks": [],
          "afterHooks": [],
          "tests": [
            {
              "title": "Verificar mensagem de campos obrigatórios",
              "fullTitle": "Página de login Verificar mensagem de campos obrigatórios",
              "timedOut": null,
              "duration": 905,
              "state": "passed",
              "speed": "fast",
              "pass": true,
              "fail": false,
              "pending": false,
              "context": null,
              "code": "cy.visit(\"http://localhost:4200/#/home\");\ncy.contains(\"User name is required!\").should(\"be.visible\");\ncy.contains(\"Password is required!\").should(\"be.visible\");",
              "err": {},
              "uuid": "112396ca-e599-4efd-a598-e5a5f5081aa4",
              "parentUUID": "12132a53-a038-45e4-8ff8-050fd3014243",
              "isHook": false,
              "skipped": false
            }
          ],
          "suites": [],
          "passes": [
            "112396ca-e599-4efd-a598-e5a5f5081aa4"
          ],
          "failures": [],
          "pending": [],
          "skipped": [],
          "duration": 905,
          "root": false,
          "rootEmpty": false,
          "_timeout": 2000
        }
      ],
      "passes": [],
      "failures": [],
      "pending": [],
      "skipped": [],
      "duration": 0,
      "root": true,
      "rootEmpty": true,
      "_timeout": 2000
    }
  ],
  "meta": {
    "mocha": {
      "version": "7.0.1"
    },
    "mochawesome": {
      "options": {
        "quiet": false,
        "reportFilename": "mochawesome",
        "saveHtml": true,
        "saveJson": true,
        "consoleReporter": "spec",
        "useInlineDiffs": false,
        "code": true
      },
      "version": "7.1.3"
    },
    "marge": {
      "options": null,
      "version": "6.2.0"
    }
  }
}